Using pre-set license
Built from '2020.3/staging' branch; Version is '2020.3.21f1 (a38c86f6690f) revision 10718342'; Using compiler version '192528614'; Build Type 'Release'
OS: 'Windows 10 Home; OS build 19041.1348; Version 2004; 64bit' Language: 'da' Physical Memory: 7888 MB
BatchMode: 1, IsHumanControllingUs: 0, StartBugReporterOnCrash: 0, Is64bit: 1, IsPro: 0

COMMAND LINE ARGUMENTS:
C:\Program Files\Unity\Hub\Editor\2020.3.21f1\Editor\Unity.exe
-adb2
-batchMode
-noUpm
-name
AssetImportWorker0
-projectPath
C:/Users/armin/Bachelor
-logFile
Logs/AssetImportWorker0.log
-srvPort
55408
Successfully changed project path to: C:/Users/armin/Bachelor
C:/Users/armin/Bachelor
Using Asset Import Pipeline V2.
Default GameObject Tag: AndOneTag already registered
Default GameObject Tag: OrOneTag already registered
Default GameObject Tag: AndTwoTag already registered
Default GameObject Tag: AndTwoGate already registered
Default GameObject Tag: Pc_Ram already registered
Default GameObject Tag: Pc_Motherboard already registered
Default GameObject Tag: LedLamp1 already registered
Default GameObject Tag: LedLamp2 already registered
Default GameObject Tag: LedLamp3 already registered
Default GameObject Tag: LedLamp4 already registered
Default GameObject Tag: FinalLight already registered
Default GameObject Tag: Pc_Processor already registered
Default GameObject Tag: PC_Graphics already registered
Default GameObject Tag: PC_Cooler already registered
Default GameObject Tag: PC_Power already registered
Default GameObject Tag: PC_HDD already registered
Default GameObject Tag: RAM_Socket already registered
Default GameObject Tag: HDD_Socket already registered
Default GameObject Tag: Motherboard_Socket already registered
Default GameObject Tag: Processor_Socket already registered
Default GameObject Tag: Power_Socket already registered
Default GameObject Tag: Graphics_Socket already registered
Default GameObject Tag: Cooler_Socket already registered
Refreshing native plugins compatible for Editor in 478.19 ms, found 6 plugins.
Preloading 1 native plugins for Editor in 10.17 ms.
Initialize engine version: 2020.3.21f1 (a38c86f6690f)
[Subsystems] Discovering subsystems at path C:/Program Files/Unity/Hub/Editor/2020.3.21f1/Editor/Data/Resources/UnitySubsystems
[Subsystems] Discovering subsystems at path C:/Users/armin/Bachelor/Assets
GfxDevice: creating device client; threaded=0
Direct3D:
    Version:  Direct3D 11.0 [level 11.0]
    Renderer: Intel(R) HD Graphics 4000 (ID=0x166)
    Vendor:   
    VRAM:     128 MB
    Driver:   10.18.10.4358
Shader 'Oculus/OVRMRCameraFrameLit': fallback shader 'Alpha-Diffuse' not found
Initialize mono
Mono path[0] = 'C:/Program Files/Unity/Hub/Editor/2020.3.21f1/Editor/Data/Managed'
Mono path[1] = 'C:/Program Files/Unity/Hub/Editor/2020.3.21f1/Editor/Data/MonoBleedingEdge/lib/mono/unityjit'
Mono config path = 'C:/Program Files/Unity/Hub/Editor/2020.3.21f1/Editor/Data/MonoBleedingEdge/etc'
Using monoOptions --debugger-agent=transport=dt_socket,embedding=1,server=y,suspend=n,address=127.0.0.1:56120
Begin MonoManager ReloadAssembly
Registering precompiled unity dll's ...
Register platform support module: C:/Program Files/Unity/Hub/Editor/2020.3.21f1/Editor/Data/PlaybackEngines/WindowsStandaloneSupport/UnityEditor.WindowsStandalone.Extensions.dll
Registered in 0.006155 seconds.
Native extension for WindowsStandalone target not found
Refreshing native plugins compatible for Editor in 284.19 ms, found 6 plugins.
Preloading 1 native plugins for Editor in 0.18 ms.
Mono: successfully reloaded assembly
- Completed reload, in 16.763 seconds
Domain Reload Profiling:
	ReloadAssembly (16764ms)
		BeginReloadAssembly (99ms)
			ExecutionOrderSort (0ms)
			DisableScriptedObjects (0ms)
			BackupInstance (0ms)
			ReleaseScriptingObjects (0ms)
			CreateAndSetChildDomain (2ms)
		EndReloadAssembly (1252ms)
			LoadAssemblies (94ms)
			RebuildTransferFunctionScriptingTraits (0ms)
			SetupTypeCache (437ms)
			ReleaseScriptCaches (0ms)
			RebuildScriptCaches (59ms)
			SetupLoadedEditorAssemblies (527ms)
				LogAssemblyErrors (0ms)
				InitializePlatformSupportModulesInManaged (6ms)
				SetLoadedEditorAssemblies (0ms)
				RefreshPlugins (285ms)
				BeforeProcessingInitializeOnLoad (27ms)
				ProcessInitializeOnLoadAttributes (159ms)
				ProcessInitializeOnLoadMethodAttributes (50ms)
				AfterProcessingInitializeOnLoad (0ms)
				EditorAssembliesLoaded (0ms)
			ExecutionOrderSort2 (0ms)
			AwakeInstancesAfterBackupRestoration (0ms)
Platform modules already initialized, skipping
Registering precompiled user dll's ...
Registered in 0.038921 seconds.
Begin MonoManager ReloadAssembly
Native extension for WindowsStandalone target not found
Refreshing native plugins compatible for Editor in 165.71 ms, found 6 plugins.
Preloading 1 native plugins for Editor in 0.09 ms.
[XR] OculusXRPlugin: registering subsystems
[XR] Unable to register display lifecyle provider: [1]
[XR] Oculus Input lifecycle provider registered.
[XR] Unable to register input lifecyle provider: [1]
[XR] OVRP version 1.66.0
Mono: successfully reloaded assembly
- Completed reload, in  2.672 seconds
Domain Reload Profiling:
	ReloadAssembly (2674ms)
		BeginReloadAssembly (224ms)
			ExecutionOrderSort (0ms)
			DisableScriptedObjects (7ms)
			BackupInstance (0ms)
			ReleaseScriptingObjects (0ms)
			CreateAndSetChildDomain (26ms)
		EndReloadAssembly (2250ms)
			LoadAssemblies (216ms)
			RebuildTransferFunctionScriptingTraits (0ms)
			SetupTypeCache (657ms)
			ReleaseScriptCaches (1ms)
			RebuildScriptCaches (156ms)
			SetupLoadedEditorAssemblies (859ms)
				LogAssemblyErrors (0ms)
				InitializePlatformSupportModulesInManaged (12ms)
				SetLoadedEditorAssemblies (1ms)
				RefreshPlugins (166ms)
				BeforeProcessingInitializeOnLoad (140ms)
				ProcessInitializeOnLoadAttributes (481ms)
				ProcessInitializeOnLoadMethodAttributes (48ms)
				AfterProcessingInitializeOnLoad (10ms)
				EditorAssembliesLoaded (0ms)
			ExecutionOrderSort2 (0ms)
			AwakeInstancesAfterBackupRestoration (11ms)
Platform modules already initialized, skipping
========================================================================
Worker process is ready to serve import requests
Default GameObject Tag: AndOneTag already registered
Default GameObject Tag: OrOneTag already registered
Default GameObject Tag: AndTwoTag already registered
Default GameObject Tag: AndTwoGate already registered
Default GameObject Tag: Pc_Ram already registered
Default GameObject Tag: Pc_Motherboard already registered
Default GameObject Tag: LedLamp1 already registered
Default GameObject Tag: LedLamp2 already registered
Default GameObject Tag: LedLamp3 already registered
Default GameObject Tag: LedLamp4 already registered
Default GameObject Tag: FinalLight already registered
Default GameObject Tag: Pc_Processor already registered
Default GameObject Tag: PC_Graphics already registered
Default GameObject Tag: PC_Cooler already registered
Default GameObject Tag: PC_Power already registered
Default GameObject Tag: PC_HDD already registered
Default GameObject Tag: RAM_Socket already registered
Default GameObject Tag: HDD_Socket already registered
Default GameObject Tag: Motherboard_Socket already registered
Default GameObject Tag: Processor_Socket already registered
Default GameObject Tag: Power_Socket already registered
Default GameObject Tag: Graphics_Socket already registered
Default GameObject Tag: Cooler_Socket already registered
Shader 'Oculus/OVRMRCameraFrameLit': fallback shader 'Alpha-Diffuse' not found
Launched and connected shader compiler UnityShaderCompiler.exe after 0.24 seconds
Refreshing native plugins compatible for Editor in 2.76 ms, found 6 plugins.
Preloading 1 native plugins for Editor in 0.28 ms.
Unloading 2809 Unused Serialized files (Serialized files now loaded: 0)
System memory in use before: 126.3 MB.
System memory in use after: 126.4 MB.

Unloading 48 unused Assets to reduce memory usage. Loaded Objects now: 3228.
Total: 9.890400 ms (FindLiveObjects: 1.126200 ms CreateObjectMapping: 0.609200 ms MarkObjects: 8.008300 ms  DeleteObjects: 0.143800 ms)

AssetImportParameters requested are different than current active one (requested -> active):
  custom:framework-win-MediaFoundation: 216162199b28c13a410421893ffa2e32 -> 
  custom:video-decoder-ogg-theora: a1e56fd34408186e4bbccfd4996cb3dc -> 
  custom:container-muxer-webm: aa71ff27fc2769a1b78a27578f13a17b -> 
  custom:container-demuxer-webm: 4f35f7cbe854078d1ac9338744f61a02 -> 
  custom:container-demuxer-ogg: 62fdf1f143b41e24485cea50d1cbac27 -> 
  custom:video-encoder-webm-vp8: eb34c28f22e8b96e1ab97ce403110664 -> 
  custom:video-decoder-webm-vp8: 9c59270c3fd7afecdb556c50c9e8de78 -> 
  custom:audio-decoder-ogg-vorbis: bf7c407c2cedff20999df2af8eb42d56 -> 
  custom:audio-encoder-webm-vorbis: bf7c407c2cedff20999df2af8eb42d56 -> 
========================================================================
Received Import Request.
  path: Assets/Scenes/SampleScene.unity
  artifactKey: Guid(9fc0d4010bbf28b4594072e72b8655ab) Importer(815301076,1909f56bfc062723c751e8b465ee728b)
Start importing Assets/Scenes/SampleScene.unity using Guid(9fc0d4010bbf28b4594072e72b8655ab) Importer(815301076,1909f56bfc062723c751e8b465ee728b)  -> (artifact id: '6b4f20aebff5179bf41698f43a5f69f5') in 0.044906 seconds 
  Import took 0.056452 seconds .

========================================================================
Received Import Request.
  Time since last request: 10811.163355 seconds.
  path: Assets/Scripts/EndGameButton.cs
  artifactKey: Guid(12c2d1bdeaade4e4682ad6ea10e25c35) Importer(815301076,1909f56bfc062723c751e8b465ee728b)
Start importing Assets/Scripts/EndGameButton.cs using Guid(12c2d1bdeaade4e4682ad6ea10e25c35) Importer(815301076,1909f56bfc062723c751e8b465ee728b)  -> (artifact id: '9b1da250e14a84a66ada7d968b0c4abf') in 0.066429 seconds 
  Import took 0.348248 seconds .

========================================================================
Received Import Request.
  Time since last request: 10.702518 seconds.
  path: Assets/Scripts/GetButton.cs
  artifactKey: Guid(1a7687b41f52c99449d0c48c02c41620) Importer(815301076,1909f56bfc062723c751e8b465ee728b)
Start importing Assets/Scripts/GetButton.cs using Guid(1a7687b41f52c99449d0c48c02c41620) Importer(815301076,1909f56bfc062723c751e8b465ee728b)  -> (artifact id: 'e2b0823544ea8d0078c57e341480f0ff') in 0.016501 seconds 
  Import took 0.027864 seconds .

========================================================================
Received Prepare
Default GameObject Tag: AndOneTag already registered
Default GameObject Tag: OrOneTag already registered
Default GameObject Tag: AndTwoTag already registered
Default GameObject Tag: AndTwoGate already registered
Default GameObject Tag: Pc_Ram already registered
Default GameObject Tag: Pc_Motherboard already registered
Default GameObject Tag: LedLamp1 already registered
Default GameObject Tag: LedLamp2 already registered
Default GameObject Tag: LedLamp3 already registered
Default GameObject Tag: LedLamp4 already registered
Default GameObject Tag: FinalLight already registered
Default GameObject Tag: Pc_Processor already registered
Default GameObject Tag: PC_Graphics already registered
Default GameObject Tag: PC_Cooler already registered
Default GameObject Tag: PC_Power already registered
Default GameObject Tag: PC_HDD already registered
Default GameObject Tag: RAM_Socket already registered
Default GameObject Tag: HDD_Socket already registered
Default GameObject Tag: Motherboard_Socket already registered
Default GameObject Tag: Processor_Socket already registered
Default GameObject Tag: Power_Socket already registered
Default GameObject Tag: Graphics_Socket already registered
Default GameObject Tag: Cooler_Socket already registered
Registering precompiled user dll's ...
Registered in 0.712952 seconds.
Begin MonoManager ReloadAssembly
Native extension for WindowsStandalone target not found
Refreshing native plugins compatible for Editor in 1.41 ms, found 6 plugins.
Preloading 1 native plugins for Editor in 0.17 ms.
Mono: successfully reloaded assembly
- Completed reload, in  3.442 seconds
Domain Reload Profiling:
	ReloadAssembly (3448ms)
		BeginReloadAssembly (504ms)
			ExecutionOrderSort (0ms)
			DisableScriptedObjects (29ms)
			BackupInstance (0ms)
			ReleaseScriptingObjects (1ms)
			CreateAndSetChildDomain (167ms)
		EndReloadAssembly (2736ms)
			LoadAssemblies (313ms)
			RebuildTransferFunctionScriptingTraits (0ms)
			SetupTypeCache (661ms)
			ReleaseScriptCaches (2ms)
			RebuildScriptCaches (73ms)
			SetupLoadedEditorAssemblies (1170ms)
				LogAssemblyErrors (0ms)
				InitializePlatformSupportModulesInManaged (7ms)
				SetLoadedEditorAssemblies (1ms)
				RefreshPlugins (2ms)
				BeforeProcessingInitializeOnLoad (161ms)
				ProcessInitializeOnLoadAttributes (971ms)
				ProcessInitializeOnLoadMethodAttributes (18ms)
				AfterProcessingInitializeOnLoad (10ms)
				EditorAssembliesLoaded (0ms)
			ExecutionOrderSort2 (0ms)
			AwakeInstancesAfterBackupRestoration (10ms)
Platform modules already initialized, skipping
Switching build target platform(19) subTarget(0) extendedPlatform(0) -> platform(13) subTarget(524294) extendedPlatform(0)
Shader 'Oculus/OVRMRCameraFrameLit': fallback shader 'Alpha-Diffuse' not found
Refreshing native plugins compatible for Editor in 1.36 ms, found 6 plugins.
Preloading 1 native plugins for Editor in 0.14 ms.
Unloading 2728 Unused Serialized files (Serialized files now loaded: 0)
System memory in use before: 119.1 MB.
System memory in use after: 119.3 MB.

Unloading 42 unused Assets to reduce memory usage. Loaded Objects now: 3229.
Total: 5.733600 ms (FindLiveObjects: 1.094300 ms CreateObjectMapping: 0.176000 ms MarkObjects: 4.407300 ms  DeleteObjects: 0.053900 ms)

AssetImportParameters requested are different than current active one (requested -> active):
  custom:framework-win-MediaFoundation: 216162199b28c13a410421893ffa2e32 -> 
  custom:video-decoder-ogg-theora: a1e56fd34408186e4bbccfd4996cb3dc -> 
  custom:container-muxer-webm: aa71ff27fc2769a1b78a27578f13a17b -> 
  custom:container-demuxer-webm: 4f35f7cbe854078d1ac9338744f61a02 -> 
  custom:container-demuxer-ogg: 62fdf1f143b41e24485cea50d1cbac27 -> 
  custom:video-encoder-webm-vp8: eb34c28f22e8b96e1ab97ce403110664 -> 
  custom:video-decoder-webm-vp8: 9c59270c3fd7afecdb556c50c9e8de78 -> 
  custom:graphics/normal-map-encoding: 01000000000000000000000000000000 -> 02000000000000000000000000000000
  custom:audio-decoder-ogg-vorbis: bf7c407c2cedff20999df2af8eb42d56 -> 
  custom:audio-encoder-webm-vorbis: bf7c407c2cedff20999df2af8eb42d56 -> 
========================================================================
Received Prepare
Default GameObject Tag: AndOneTag already registered
Default GameObject Tag: OrOneTag already registered
Default GameObject Tag: AndTwoTag already registered
Default GameObject Tag: AndTwoGate already registered
Default GameObject Tag: Pc_Ram already registered
Default GameObject Tag: Pc_Motherboard already registered
Default GameObject Tag: LedLamp1 already registered
Default GameObject Tag: LedLamp2 already registered
Default GameObject Tag: LedLamp3 already registered
Default GameObject Tag: LedLamp4 already registered
Default GameObject Tag: FinalLight already registered
Default GameObject Tag: Pc_Processor already registered
Default GameObject Tag: PC_Graphics already registered
Default GameObject Tag: PC_Cooler already registered
Default GameObject Tag: PC_Power already registered
Default GameObject Tag: PC_HDD already registered
Default GameObject Tag: RAM_Socket already registered
Default GameObject Tag: HDD_Socket already registered
Default GameObject Tag: Motherboard_Socket already registered
Default GameObject Tag: Processor_Socket already registered
Default GameObject Tag: Power_Socket already registered
Default GameObject Tag: Graphics_Socket already registered
Default GameObject Tag: Cooler_Socket already registered
Registering precompiled user dll's ...
Registered in 0.021914 seconds.
Begin MonoManager ReloadAssembly
Native extension for WindowsStandalone target not found
Refreshing native plugins compatible for Editor in 2.28 ms, found 6 plugins.
Preloading 1 native plugins for Editor in 0.38 ms.
Mono: successfully reloaded assembly
- Completed reload, in  2.334 seconds
Domain Reload Profiling:
	ReloadAssembly (2334ms)
		BeginReloadAssembly (263ms)
			ExecutionOrderSort (0ms)
			DisableScriptedObjects (8ms)
			BackupInstance (0ms)
			ReleaseScriptingObjects (0ms)
			CreateAndSetChildDomain (114ms)
		EndReloadAssembly (1973ms)
			LoadAssemblies (152ms)
			RebuildTransferFunctionScriptingTraits (0ms)
			SetupTypeCache (712ms)
			ReleaseScriptCaches (2ms)
			RebuildScriptCaches (145ms)
			SetupLoadedEditorAssemblies (702ms)
				LogAssemblyErrors (0ms)
				InitializePlatformSupportModulesInManaged (12ms)
				SetLoadedEditorAssemblies (1ms)
				RefreshPlugins (3ms)
				BeforeProcessingInitializeOnLoad (209ms)
				ProcessInitializeOnLoadAttributes (446ms)
				ProcessInitializeOnLoadMethodAttributes (17ms)
				AfterProcessingInitializeOnLoad (11ms)
				EditorAssembliesLoaded (1ms)
			ExecutionOrderSort2 (0ms)
			AwakeInstancesAfterBackupRestoration (15ms)
Platform modules already initialized, skipping
Switching build target platform(19) subTarget(0) extendedPlatform(0) -> platform(13) subTarget(524294) extendedPlatform(0)
Shader 'Oculus/OVRMRCameraFrameLit': fallback shader 'Alpha-Diffuse' not found
Refreshing native plugins compatible for Editor in 1.47 ms, found 6 plugins.
Preloading 1 native plugins for Editor in 0.13 ms.
Unloading 2728 Unused Serialized files (Serialized files now loaded: 0)
System memory in use before: 119.1 MB.
System memory in use after: 119.3 MB.

Unloading 41 unused Assets to reduce memory usage. Loaded Objects now: 3232.
Total: 5.201800 ms (FindLiveObjects: 0.432100 ms CreateObjectMapping: 0.318100 ms MarkObjects: 4.404400 ms  DeleteObjects: 0.045100 ms)

AssetImportParameters requested are different than current active one (requested -> active):
  custom:framework-win-MediaFoundation: 216162199b28c13a410421893ffa2e32 -> 
  custom:video-decoder-ogg-theora: a1e56fd34408186e4bbccfd4996cb3dc -> 
  custom:container-muxer-webm: aa71ff27fc2769a1b78a27578f13a17b -> 
  custom:container-demuxer-webm: 4f35f7cbe854078d1ac9338744f61a02 -> 
  custom:container-demuxer-ogg: 62fdf1f143b41e24485cea50d1cbac27 -> 
  custom:video-encoder-webm-vp8: eb34c28f22e8b96e1ab97ce403110664 -> 
  custom:video-decoder-webm-vp8: 9c59270c3fd7afecdb556c50c9e8de78 -> 
  custom:graphics/normal-map-encoding: 01000000000000000000000000000000 -> 02000000000000000000000000000000
  custom:audio-decoder-ogg-vorbis: bf7c407c2cedff20999df2af8eb42d56 -> 
  custom:audio-encoder-webm-vorbis: bf7c407c2cedff20999df2af8eb42d56 -> 
========================================================================
Received Import Request.
  Time since last request: 70.590328 seconds.
  path: Assets/Scripts/Hands
  artifactKey: Guid(9050cd306d17b6d4882aea3e04cdef92) Importer(815301076,1909f56bfc062723c751e8b465ee728b)
Start importing Assets/Scripts/Hands using Guid(9050cd306d17b6d4882aea3e04cdef92) Importer(815301076,1909f56bfc062723c751e8b465ee728b)  -> (artifact id: 'e08291ebc34b0e44c09e4f3387287e01') in 0.074982 seconds 
  Import took 0.105226 seconds .

========================================================================
Received Prepare
Default GameObject Tag: AndOneTag already registered
Default GameObject Tag: OrOneTag already registered
Default GameObject Tag: AndTwoTag already registered
Default GameObject Tag: AndTwoGate already registered
Default GameObject Tag: Pc_Ram already registered
Default GameObject Tag: Pc_Motherboard already registered
Default GameObject Tag: LedLamp1 already registered
Default GameObject Tag: LedLamp2 already registered
Default GameObject Tag: LedLamp3 already registered
Default GameObject Tag: LedLamp4 already registered
Default GameObject Tag: FinalLight already registered
Default GameObject Tag: Pc_Processor already registered
Default GameObject Tag: PC_Graphics already registered
Default GameObject Tag: PC_Cooler already registered
Default GameObject Tag: PC_Power already registered
Default GameObject Tag: PC_HDD already registered
Default GameObject Tag: RAM_Socket already registered
Default GameObject Tag: HDD_Socket already registered
Default GameObject Tag: Motherboard_Socket already registered
Default GameObject Tag: Processor_Socket already registered
Default GameObject Tag: Power_Socket already registered
Default GameObject Tag: Graphics_Socket already registered
Default GameObject Tag: Cooler_Socket already registered
Registering precompiled user dll's ...
Registered in 0.181327 seconds.
Begin MonoManager ReloadAssembly
Native extension for WindowsStandalone target not found
Refreshing native plugins compatible for Editor in 1.42 ms, found 6 plugins.
Preloading 1 native plugins for Editor in 0.15 ms.
Mono: successfully reloaded assembly
- Completed reload, in  2.671 seconds
Domain Reload Profiling:
	ReloadAssembly (2672ms)
		BeginReloadAssembly (320ms)
			ExecutionOrderSort (0ms)
			DisableScriptedObjects (9ms)
			BackupInstance (0ms)
			ReleaseScriptingObjects (0ms)
			CreateAndSetChildDomain (122ms)
		EndReloadAssembly (2199ms)
			LoadAssemblies (268ms)
			RebuildTransferFunctionScriptingTraits (0ms)
			SetupTypeCache (756ms)
			ReleaseScriptCaches (3ms)
			RebuildScriptCaches (88ms)
			SetupLoadedEditorAssemblies (793ms)
				LogAssemblyErrors (0ms)
				InitializePlatformSupportModulesInManaged (6ms)
				SetLoadedEditorAssemblies (1ms)
				RefreshPlugins (2ms)
				BeforeProcessingInitializeOnLoad (254ms)
				ProcessInitializeOnLoadAttributes (502ms)
				ProcessInitializeOnLoadMethodAttributes (18ms)
				AfterProcessingInitializeOnLoad (10ms)
				EditorAssembliesLoaded (0ms)
			ExecutionOrderSort2 (0ms)
			AwakeInstancesAfterBackupRestoration (11ms)
Platform modules already initialized, skipping
Switching build target platform(19) subTarget(0) extendedPlatform(0) -> platform(13) subTarget(524294) extendedPlatform(0)
Shader 'Oculus/OVRMRCameraFrameLit': fallback shader 'Alpha-Diffuse' not found
Refreshing native plugins compatible for Editor in 1.42 ms, found 6 plugins.
Preloading 1 native plugins for Editor in 0.13 ms.
Unloading 2728 Unused Serialized files (Serialized files now loaded: 0)
System memory in use before: 119.1 MB.
System memory in use after: 119.4 MB.

Unloading 41 unused Assets to reduce memory usage. Loaded Objects now: 3235.
Total: 5.033200 ms (FindLiveObjects: 0.436300 ms CreateObjectMapping: 0.318600 ms MarkObjects: 4.233000 ms  DeleteObjects: 0.043400 ms)

AssetImportParameters requested are different than current active one (requested -> active):
  custom:framework-win-MediaFoundation: 216162199b28c13a410421893ffa2e32 -> 
  custom:video-decoder-ogg-theora: a1e56fd34408186e4bbccfd4996cb3dc -> 
  custom:container-muxer-webm: aa71ff27fc2769a1b78a27578f13a17b -> 
  custom:container-demuxer-webm: 4f35f7cbe854078d1ac9338744f61a02 -> 
  custom:container-demuxer-ogg: 62fdf1f143b41e24485cea50d1cbac27 -> 
  custom:video-encoder-webm-vp8: eb34c28f22e8b96e1ab97ce403110664 -> 
  custom:video-decoder-webm-vp8: 9c59270c3fd7afecdb556c50c9e8de78 -> 
  custom:graphics/normal-map-encoding: 01000000000000000000000000000000 -> 02000000000000000000000000000000
  custom:audio-decoder-ogg-vorbis: bf7c407c2cedff20999df2af8eb42d56 -> 
  custom:audio-encoder-webm-vorbis: bf7c407c2cedff20999df2af8eb42d56 -> 
========================================================================
Received Prepare
Default GameObject Tag: AndOneTag already registered
Default GameObject Tag: OrOneTag already registered
Default GameObject Tag: AndTwoTag already registered
Default GameObject Tag: AndTwoGate already registered
Default GameObject Tag: Pc_Ram already registered
Default GameObject Tag: Pc_Motherboard already registered
Default GameObject Tag: LedLamp1 already registered
Default GameObject Tag: LedLamp2 already registered
Default GameObject Tag: LedLamp3 already registered
Default GameObject Tag: LedLamp4 already registered
Default GameObject Tag: FinalLight already registered
Default GameObject Tag: Pc_Processor already registered
Default GameObject Tag: PC_Graphics already registered
Default GameObject Tag: PC_Cooler already registered
Default GameObject Tag: PC_Power already registered
Default GameObject Tag: PC_HDD already registered
Default GameObject Tag: RAM_Socket already registered
Default GameObject Tag: HDD_Socket already registered
Default GameObject Tag: Motherboard_Socket already registered
Default GameObject Tag: Processor_Socket already registered
Default GameObject Tag: Power_Socket already registered
Default GameObject Tag: Graphics_Socket already registered
Default GameObject Tag: Cooler_Socket already registered
Shader 'Oculus/OVRMRCameraFrameLit': fallback shader 'Alpha-Diffuse' not found
Refreshing native plugins compatible for Editor in 65.79 ms, found 6 plugins.
Preloading 1 native plugins for Editor in 0.14 ms.
Unloading 38 Unused Serialized files (Serialized files now loaded: 0)
System memory in use before: 66.4 MB.
System memory in use after: 66.6 MB.

Unloading 38 unused Assets to reduce memory usage. Loaded Objects now: 3235.
Total: 12.537800 ms (FindLiveObjects: 1.203700 ms CreateObjectMapping: 0.580100 ms MarkObjects: 10.685400 ms  DeleteObjects: 0.066000 ms)

AssetImportParameters requested are different than current active one (requested -> active):
  custom:framework-win-MediaFoundation: 216162199b28c13a410421893ffa2e32 -> 
  custom:video-decoder-ogg-theora: a1e56fd34408186e4bbccfd4996cb3dc -> 
  custom:container-muxer-webm: aa71ff27fc2769a1b78a27578f13a17b -> 
  custom:container-demuxer-webm: 4f35f7cbe854078d1ac9338744f61a02 -> 
  custom:container-demuxer-ogg: 62fdf1f143b41e24485cea50d1cbac27 -> 
  custom:video-encoder-webm-vp8: eb34c28f22e8b96e1ab97ce403110664 -> 
  custom:video-decoder-webm-vp8: 9c59270c3fd7afecdb556c50c9e8de78 -> 
  custom:audio-decoder-ogg-vorbis: bf7c407c2cedff20999df2af8eb42d56 -> 
  custom:audio-encoder-webm-vorbis: bf7c407c2cedff20999df2af8eb42d56 -> 
========================================================================
Received Import Request.
  Time since last request: 719.973711 seconds.
  path: Assets/Scripts/EndGameButton.cs
  artifactKey: Guid(12c2d1bdeaade4e4682ad6ea10e25c35) Importer(815301076,1909f56bfc062723c751e8b465ee728b)
Start importing Assets/Scripts/EndGameButton.cs using Guid(12c2d1bdeaade4e4682ad6ea10e25c35) Importer(815301076,1909f56bfc062723c751e8b465ee728b)  -> (artifact id: '1a996b095c8864d9d2877ea1c9e384b9') in 0.306538 seconds 
  Import took 0.383619 seconds .

========================================================================
Received Prepare
Default GameObject Tag: AndOneTag already registered
Default GameObject Tag: OrOneTag already registered
Default GameObject Tag: AndTwoTag already registered
Default GameObject Tag: AndTwoGate already registered
Default GameObject Tag: Pc_Ram already registered
Default GameObject Tag: Pc_Motherboard already registered
Default GameObject Tag: LedLamp1 already registered
Default GameObject Tag: LedLamp2 already registered
Default GameObject Tag: LedLamp3 already registered
Default GameObject Tag: LedLamp4 already registered
Default GameObject Tag: FinalLight already registered
Default GameObject Tag: Pc_Processor already registered
Default GameObject Tag: PC_Graphics already registered
Default GameObject Tag: PC_Cooler already registered
Default GameObject Tag: PC_Power already registered
Default GameObject Tag: PC_HDD already registered
Default GameObject Tag: RAM_Socket already registered
Default GameObject Tag: HDD_Socket already registered
Default GameObject Tag: Motherboard_Socket already registered
Default GameObject Tag: Processor_Socket already registered
Default GameObject Tag: Power_Socket already registered
Default GameObject Tag: Graphics_Socket already registered
Default GameObject Tag: Cooler_Socket already registered
Registering precompiled user dll's ...
Registered in 0.057687 seconds.
Begin MonoManager ReloadAssembly
Native extension for WindowsStandalone target not found
Refreshing native plugins compatible for Editor in 1.51 ms, found 6 plugins.
Preloading 1 native plugins for Editor in 0.37 ms.
Mono: successfully reloaded assembly
- Completed reload, in  5.870 seconds
Domain Reload Profiling:
	ReloadAssembly (5995ms)
		BeginReloadAssembly (2037ms)
			ExecutionOrderSort (0ms)
			DisableScriptedObjects (789ms)
			BackupInstance (0ms)
			ReleaseScriptingObjects (0ms)
			CreateAndSetChildDomain (594ms)
		EndReloadAssembly (3731ms)
			LoadAssemblies (971ms)
			RebuildTransferFunctionScriptingTraits (0ms)
			SetupTypeCache (1448ms)
			ReleaseScriptCaches (25ms)
			RebuildScriptCaches (245ms)
			SetupLoadedEditorAssemblies (749ms)
				LogAssemblyErrors (0ms)
				InitializePlatformSupportModulesInManaged (9ms)
				SetLoadedEditorAssemblies (1ms)
				RefreshPlugins (2ms)
				BeforeProcessingInitializeOnLoad (170ms)
				ProcessInitializeOnLoadAttributes (536ms)
				ProcessInitializeOnLoadMethodAttributes (17ms)
				AfterProcessingInitializeOnLoad (13ms)
				EditorAssembliesLoaded (0ms)
			ExecutionOrderSort2 (0ms)
			AwakeInstancesAfterBackupRestoration (12ms)
Platform modules already initialized, skipping
Switching build target platform(19) subTarget(0) extendedPlatform(0) -> platform(13) subTarget(524294) extendedPlatform(0)
Shader 'Oculus/OVRMRCameraFrameLit': fallback shader 'Alpha-Diffuse' not found
Refreshing native plugins compatible for Editor in 1.88 ms, found 6 plugins.
Preloading 1 native plugins for Editor in 0.23 ms.
Unloading 2728 Unused Serialized files (Serialized files now loaded: 0)
System memory in use before: 119.2 MB.
System memory in use after: 119.4 MB.

Unloading 41 unused Assets to reduce memory usage. Loaded Objects now: 3238.
Total: 6.764400 ms (FindLiveObjects: 1.028400 ms CreateObjectMapping: 0.351700 ms MarkObjects: 5.324500 ms  DeleteObjects: 0.057300 ms)

AssetImportParameters requested are different than current active one (requested -> active):
  custom:framework-win-MediaFoundation: 216162199b28c13a410421893ffa2e32 -> 
  custom:video-decoder-ogg-theora: a1e56fd34408186e4bbccfd4996cb3dc -> 
  custom:container-muxer-webm: aa71ff27fc2769a1b78a27578f13a17b -> 
  custom:container-demuxer-webm: 4f35f7cbe854078d1ac9338744f61a02 -> 
  custom:container-demuxer-ogg: 62fdf1f143b41e24485cea50d1cbac27 -> 
  custom:video-encoder-webm-vp8: eb34c28f22e8b96e1ab97ce403110664 -> 
  custom:video-decoder-webm-vp8: 9c59270c3fd7afecdb556c50c9e8de78 -> 
  custom:graphics/normal-map-encoding: 01000000000000000000000000000000 -> 02000000000000000000000000000000
  custom:audio-decoder-ogg-vorbis: bf7c407c2cedff20999df2af8eb42d56 -> 
  custom:audio-encoder-webm-vorbis: bf7c407c2cedff20999df2af8eb42d56 -> 
========================================================================
Received Import Request.
  Time since last request: 261.126294 seconds.
  path: Assets/Scripts/EndGameButton.cs
  artifactKey: Guid(12c2d1bdeaade4e4682ad6ea10e25c35) Importer(815301076,1909f56bfc062723c751e8b465ee728b)
Start importing Assets/Scripts/EndGameButton.cs using Guid(12c2d1bdeaade4e4682ad6ea10e25c35) Importer(815301076,1909f56bfc062723c751e8b465ee728b)  -> (artifact id: 'd58445423848d561791b659fb1618698') in 0.016866 seconds 
  Import took 0.030690 seconds .

========================================================================
Received Prepare
Default GameObject Tag: AndOneTag already registered
Default GameObject Tag: OrOneTag already registered
Default GameObject Tag: AndTwoTag already registered
Default GameObject Tag: AndTwoGate already registered
Default GameObject Tag: Pc_Ram already registered
Default GameObject Tag: Pc_Motherboard already registered
Default GameObject Tag: LedLamp1 already registered
Default GameObject Tag: LedLamp2 already registered
Default GameObject Tag: LedLamp3 already registered
Default GameObject Tag: LedLamp4 already registered
Default GameObject Tag: FinalLight already registered
Default GameObject Tag: Pc_Processor already registered
Default GameObject Tag: PC_Graphics already registered
Default GameObject Tag: PC_Cooler already registered
Default GameObject Tag: PC_Power already registered
Default GameObject Tag: PC_HDD already registered
Default GameObject Tag: RAM_Socket already registered
Default GameObject Tag: HDD_Socket already registered
Default GameObject Tag: Motherboard_Socket already registered
Default GameObject Tag: Processor_Socket already registered
Default GameObject Tag: Power_Socket already registered
Default GameObject Tag: Graphics_Socket already registered
Default GameObject Tag: Cooler_Socket already registered
Registering precompiled user dll's ...
Registered in 0.026386 seconds.
Begin MonoManager ReloadAssembly
Native extension for WindowsStandalone target not found
Refreshing native plugins compatible for Editor in 1.32 ms, found 6 plugins.
Preloading 1 native plugins for Editor in 0.16 ms.
Mono: successfully reloaded assembly
- Completed reload, in  1.859 seconds
Domain Reload Profiling:
	ReloadAssembly (1860ms)
		BeginReloadAssembly (252ms)
			ExecutionOrderSort (0ms)
			DisableScriptedObjects (7ms)
			BackupInstance (0ms)
			ReleaseScriptingObjects (0ms)
			CreateAndSetChildDomain (63ms)
		EndReloadAssembly (1494ms)
			LoadAssemblies (176ms)
			RebuildTransferFunctionScriptingTraits (0ms)
			SetupTypeCache (501ms)
			ReleaseScriptCaches (1ms)
			RebuildScriptCaches (70ms)
			SetupLoadedEditorAssemblies (519ms)
				LogAssemblyErrors (0ms)
				InitializePlatformSupportModulesInManaged (6ms)
				SetLoadedEditorAssemblies (1ms)
				RefreshPlugins (2ms)
				BeforeProcessingInitializeOnLoad (148ms)
				ProcessInitializeOnLoadAttributes (333ms)
				ProcessInitializeOnLoadMethodAttributes (18ms)
				AfterProcessingInitializeOnLoad (11ms)
				EditorAssembliesLoaded (0ms)
			ExecutionOrderSort2 (0ms)
			AwakeInstancesAfterBackupRestoration (10ms)
Platform modules already initialized, skipping
Switching build target platform(19) subTarget(0) extendedPlatform(0) -> platform(13) subTarget(524294) extendedPlatform(0)
Shader 'Oculus/OVRMRCameraFrameLit': fallback shader 'Alpha-Diffuse' not found
Refreshing native plugins compatible for Editor in 1.35 ms, found 6 plugins.
Preloading 1 native plugins for Editor in 0.12 ms.
Unloading 2728 Unused Serialized files (Serialized files now loaded: 0)
System memory in use before: 119.2 MB.
System memory in use after: 119.4 MB.

Unloading 41 unused Assets to reduce memory usage. Loaded Objects now: 3241.
Total: 4.887500 ms (FindLiveObjects: 0.427300 ms CreateObjectMapping: 0.312200 ms MarkObjects: 4.096600 ms  DeleteObjects: 0.049700 ms)

AssetImportParameters requested are different than current active one (requested -> active):
  custom:framework-win-MediaFoundation: 216162199b28c13a410421893ffa2e32 -> 
  custom:video-decoder-ogg-theora: a1e56fd34408186e4bbccfd4996cb3dc -> 
  custom:container-muxer-webm: aa71ff27fc2769a1b78a27578f13a17b -> 
  custom:container-demuxer-webm: 4f35f7cbe854078d1ac9338744f61a02 -> 
  custom:container-demuxer-ogg: 62fdf1f143b41e24485cea50d1cbac27 -> 
  custom:video-encoder-webm-vp8: eb34c28f22e8b96e1ab97ce403110664 -> 
  custom:video-decoder-webm-vp8: 9c59270c3fd7afecdb556c50c9e8de78 -> 
  custom:graphics/normal-map-encoding: 01000000000000000000000000000000 -> 02000000000000000000000000000000
  custom:audio-decoder-ogg-vorbis: bf7c407c2cedff20999df2af8eb42d56 -> 
  custom:audio-encoder-webm-vorbis: bf7c407c2cedff20999df2af8eb42d56 -> 
========================================================================
Received Prepare
Default GameObject Tag: AndOneTag already registered
Default GameObject Tag: OrOneTag already registered
Default GameObject Tag: AndTwoTag already registered
Default GameObject Tag: AndTwoGate already registered
Default GameObject Tag: Pc_Ram already registered
Default GameObject Tag: Pc_Motherboard already registered
Default GameObject Tag: LedLamp1 already registered
Default GameObject Tag: LedLamp2 already registered
Default GameObject Tag: LedLamp3 already registered
Default GameObject Tag: LedLamp4 already registered
Default GameObject Tag: FinalLight already registered
Default GameObject Tag: Pc_Processor already registered
Default GameObject Tag: PC_Graphics already registered
Default GameObject Tag: PC_Cooler already registered
Default GameObject Tag: PC_Power already registered
Default GameObject Tag: PC_HDD already registered
Default GameObject Tag: RAM_Socket already registered
Default GameObject Tag: HDD_Socket already registered
Default GameObject Tag: Motherboard_Socket already registered
Default GameObject Tag: Processor_Socket already registered
Default GameObject Tag: Power_Socket already registered
Default GameObject Tag: Graphics_Socket already registered
Default GameObject Tag: Cooler_Socket already registered
Registering precompiled user dll's ...
Registered in 0.009788 seconds.
Begin MonoManager ReloadAssembly
Native extension for WindowsStandalone target not found
Refreshing native plugins compatible for Editor in 1.38 ms, found 6 plugins.
Preloading 1 native plugins for Editor in 0.17 ms.
Mono: successfully reloaded assembly
- Completed reload, in  2.228 seconds
Domain Reload Profiling:
	ReloadAssembly (2229ms)
		BeginReloadAssembly (195ms)
			ExecutionOrderSort (0ms)
			DisableScriptedObjects (10ms)
			BackupInstance (0ms)
			ReleaseScriptingObjects (0ms)
			CreateAndSetChildDomain (56ms)
		EndReloadAssembly (1902ms)
			LoadAssemblies (194ms)
			RebuildTransferFunctionScriptingTraits (0ms)
			SetupTypeCache (666ms)
			ReleaseScriptCaches (1ms)
			RebuildScriptCaches (85ms)
			SetupLoadedEditorAssemblies (680ms)
				LogAssemblyErrors (0ms)
				InitializePlatformSupportModulesInManaged (9ms)
				SetLoadedEditorAssemblies (1ms)
				RefreshPlugins (2ms)
				BeforeProcessingInitializeOnLoad (218ms)
				ProcessInitializeOnLoadAttributes (423ms)
				ProcessInitializeOnLoadMethodAttributes (18ms)
				AfterProcessingInitializeOnLoad (10ms)
				EditorAssembliesLoaded (0ms)
			ExecutionOrderSort2 (0ms)
			AwakeInstancesAfterBackupRestoration (10ms)
Platform modules already initialized, skipping
Switching build target platform(19) subTarget(0) extendedPlatform(0) -> platform(13) subTarget(524294) extendedPlatform(0)
Shader 'Oculus/OVRMRCameraFrameLit': fallback shader 'Alpha-Diffuse' not found
Refreshing native plugins compatible for Editor in 1.78 ms, found 6 plugins.
Preloading 1 native plugins for Editor in 0.16 ms.
Unloading 2728 Unused Serialized files (Serialized files now loaded: 0)
System memory in use before: 119.3 MB.
System memory in use after: 119.5 MB.

Unloading 41 unused Assets to reduce memory usage. Loaded Objects now: 3244.
Total: 6.488600 ms (FindLiveObjects: 0.651800 ms CreateObjectMapping: 0.266000 ms MarkObjects: 5.499400 ms  DeleteObjects: 0.068800 ms)

AssetImportParameters requested are different than current active one (requested -> active):
  custom:framework-win-MediaFoundation: 216162199b28c13a410421893ffa2e32 -> 
  custom:video-decoder-ogg-theora: a1e56fd34408186e4bbccfd4996cb3dc -> 
  custom:container-muxer-webm: aa71ff27fc2769a1b78a27578f13a17b -> 
  custom:container-demuxer-webm: 4f35f7cbe854078d1ac9338744f61a02 -> 
  custom:container-demuxer-ogg: 62fdf1f143b41e24485cea50d1cbac27 -> 
  custom:video-encoder-webm-vp8: eb34c28f22e8b96e1ab97ce403110664 -> 
  custom:video-decoder-webm-vp8: 9c59270c3fd7afecdb556c50c9e8de78 -> 
  custom:graphics/normal-map-encoding: 01000000000000000000000000000000 -> 02000000000000000000000000000000
  custom:audio-decoder-ogg-vorbis: bf7c407c2cedff20999df2af8eb42d56 -> 
  custom:audio-encoder-webm-vorbis: bf7c407c2cedff20999df2af8eb42d56 -> 
AssetImportWorkerClient::OnTransportError - code=2 error=End of file
